<?xml version="1.0" encoding="UTF-8"?>
<robot generator="Robot 4.1.1 (Python 3.8.2 on win32)" generated="20210920 20:50:18.291" rpa="false" schemaversion="2">
<suite id="s1" name="CheckPhoneNumber" source="C:\Users\dvive\Desktop\CheckPhoneNumber\CheckPhoneNumber.robot">
<test id="s1-t1" name="Check Phone Number - P1">
<kw name="Create Session" library="RequestsLibrary">
<arg>p1session</arg>
<arg>${base_url}</arg>
<doc>Create Session: create a HTTP session to a server</doc>
<msg timestamp="20210920 20:50:18.399" level="INFO">Creating Session using : alias=p1session, url=http://localhost:6969/customer, headers={},                     cookies={}, auth=None, timeout=None, proxies=None, verify=False,                     debug=0 </msg>
<status status="PASS" starttime="20210920 20:50:18.398" endtime="20210920 20:50:18.400"/>
</kw>
<kw name="Create Dictionary" library="BuiltIn">
<var>${body}</var>
<arg>phone=027071588</arg>
<doc>Creates and returns a dictionary based on the given ``items``.</doc>
<msg timestamp="20210920 20:50:18.400" level="INFO">${body} = {'phone': '027071588'}</msg>
<status status="PASS" starttime="20210920 20:50:18.400" endtime="20210920 20:50:18.400"/>
</kw>
<kw name="Create Dictionary" library="BuiltIn">
<var>${header}</var>
<arg>Content-Type=application/json</arg>
<doc>Creates and returns a dictionary based on the given ``items``.</doc>
<msg timestamp="20210920 20:50:18.401" level="INFO">${header} = {'Content-Type': 'application/json'}</msg>
<status status="PASS" starttime="20210920 20:50:18.400" endtime="20210920 20:50:18.401"/>
</kw>
<kw name="Post On Session" library="RequestsLibrary">
<var>${response}</var>
<arg>p1session</arg>
<arg>/v1/phone/check</arg>
<arg>json=${body}</arg>
<arg>headers=${header}</arg>
<doc>Sends a POST request on a previously created HTTP Session.</doc>
<msg timestamp="20210920 20:50:18.415" level="INFO">POST Request : url=http://localhost:6969/customer/v1/phone/check 
 path_url=/customer/v1/phone/check 
 headers={'User-Agent': 'python-requests/2.26.0', 'Accept-Encoding': 'gzip, deflate', 'Accept': '*/*', 'Connection': 'keep-alive', 'Content-Type': 'application/json', 'Content-Length': '22'} 
 body=b'{"phone": "027071588"}' 
 </msg>
<msg timestamp="20210920 20:50:18.415" level="INFO">POST Response : url=http://localhost:6969/customer/v1/phone/check 
 status=200, reason=OK 
 headers={'Content-Type': 'application/json', 'Connection': 'close', 'Date': 'Mon, 20 Sep 2021 13:50:18 GMT', 'Transfer-Encoding': 'chunked'} 
 body={
    "type": "home phone"
} 
 </msg>
<msg timestamp="20210920 20:50:18.415" level="INFO">${response} = &lt;Response [200]&gt;</msg>
<status status="PASS" starttime="20210920 20:50:18.401" endtime="20210920 20:50:18.415"/>
</kw>
<kw name="Log To Console" library="BuiltIn">
<arg>${response.status_code}</arg>
<doc>Logs the given message to the console.</doc>
<status status="PASS" starttime="20210920 20:50:18.416" endtime="20210920 20:50:18.417"/>
</kw>
<kw name="Log To Console" library="BuiltIn">
<arg>${response.content}</arg>
<doc>Logs the given message to the console.</doc>
<status status="PASS" starttime="20210920 20:50:18.417" endtime="20210920 20:50:18.418"/>
</kw>
<kw name="Convert To String" library="BuiltIn">
<var>${status_code}</var>
<arg>${response.status_code}</arg>
<doc>Converts the given item to a Unicode string.</doc>
<msg timestamp="20210920 20:50:18.420" level="INFO">${status_code} = 200</msg>
<status status="PASS" starttime="20210920 20:50:18.419" endtime="20210920 20:50:18.420"/>
</kw>
<kw name="Should Be Equal" library="BuiltIn">
<arg>${status_code}</arg>
<arg>200</arg>
<doc>Fails if the given objects are unequal.</doc>
<status status="PASS" starttime="20210920 20:50:18.421" endtime="20210920 20:50:18.421"/>
</kw>
<kw name="Convert To String" library="BuiltIn">
<var>${res_body}</var>
<arg>${response.content}</arg>
<doc>Converts the given item to a Unicode string.</doc>
<msg timestamp="20210920 20:50:18.422" level="INFO">${res_body} = {
    "type": "home phone"
}</msg>
<status status="PASS" starttime="20210920 20:50:18.421" endtime="20210920 20:50:18.422"/>
</kw>
<kw name="Should Contain" library="BuiltIn">
<arg>${res_body}</arg>
<arg>home phone</arg>
<doc>Fails if ``container`` does not contain ``item`` one or more times.</doc>
<status status="PASS" starttime="20210920 20:50:18.423" endtime="20210920 20:50:18.423"/>
</kw>
<status status="PASS" starttime="20210920 20:50:18.398" endtime="20210920 20:50:18.424"/>
</test>
<test id="s1-t2" name="Check Phone Number - P2">
<kw name="Create Session" library="RequestsLibrary">
<arg>mysession</arg>
<arg>${base_url}</arg>
<doc>Create Session: create a HTTP session to a server</doc>
<msg timestamp="20210920 20:50:18.426" level="INFO">Creating Session using : alias=mysession, url=http://localhost:6969/customer, headers={},                     cookies={}, auth=None, timeout=None, proxies=None, verify=False,                     debug=0 </msg>
<status status="PASS" starttime="20210920 20:50:18.426" endtime="20210920 20:50:18.426"/>
</kw>
<kw name="Create Dictionary" library="BuiltIn">
<var>${body}</var>
<arg>phone=0648763436</arg>
<doc>Creates and returns a dictionary based on the given ``items``.</doc>
<msg timestamp="20210920 20:50:18.427" level="INFO">${body} = {'phone': '0648763436'}</msg>
<status status="PASS" starttime="20210920 20:50:18.427" endtime="20210920 20:50:18.427"/>
</kw>
<kw name="Create Dictionary" library="BuiltIn">
<var>${header}</var>
<arg>Content-Type=application/json</arg>
<doc>Creates and returns a dictionary based on the given ``items``.</doc>
<msg timestamp="20210920 20:50:18.428" level="INFO">${header} = {'Content-Type': 'application/json'}</msg>
<status status="PASS" starttime="20210920 20:50:18.427" endtime="20210920 20:50:18.428"/>
</kw>
<kw name="Post On Session" library="RequestsLibrary">
<var>${response}</var>
<arg>mysession</arg>
<arg>/v1/phone/check</arg>
<arg>json=${body}</arg>
<arg>headers=${header}</arg>
<doc>Sends a POST request on a previously created HTTP Session.</doc>
<msg timestamp="20210920 20:50:18.434" level="INFO">POST Request : url=http://localhost:6969/customer/v1/phone/check 
 path_url=/customer/v1/phone/check 
 headers={'User-Agent': 'python-requests/2.26.0', 'Accept-Encoding': 'gzip, deflate', 'Accept': '*/*', 'Connection': 'keep-alive', 'Content-Type': 'application/json', 'Content-Length': '23'} 
 body=b'{"phone": "0648763436"}' 
 </msg>
<msg timestamp="20210920 20:50:18.434" level="INFO">POST Response : url=http://localhost:6969/customer/v1/phone/check 
 status=200, reason=OK 
 headers={'Content-Type': 'application/json', 'Connection': 'close', 'Date': 'Mon, 20 Sep 2021 13:50:18 GMT', 'Transfer-Encoding': 'chunked'} 
 body={
    "type": "mobile phone"
} 
 </msg>
<msg timestamp="20210920 20:50:18.435" level="INFO">${response} = &lt;Response [200]&gt;</msg>
<status status="PASS" starttime="20210920 20:50:18.429" endtime="20210920 20:50:18.435"/>
</kw>
<kw name="Convert To String" library="BuiltIn">
<var>${status_code}</var>
<arg>${response.status_code}</arg>
<doc>Converts the given item to a Unicode string.</doc>
<msg timestamp="20210920 20:50:18.436" level="INFO">${status_code} = 200</msg>
<status status="PASS" starttime="20210920 20:50:18.435" endtime="20210920 20:50:18.436"/>
</kw>
<kw name="Should Be Equal" library="BuiltIn">
<arg>${status_code}</arg>
<arg>200</arg>
<doc>Fails if the given objects are unequal.</doc>
<status status="PASS" starttime="20210920 20:50:18.436" endtime="20210920 20:50:18.437"/>
</kw>
<kw name="Convert To String" library="BuiltIn">
<var>${res_body}</var>
<arg>${response.content}</arg>
<doc>Converts the given item to a Unicode string.</doc>
<msg timestamp="20210920 20:50:18.438" level="INFO">${res_body} = {
    "type": "mobile phone"
}</msg>
<status status="PASS" starttime="20210920 20:50:18.437" endtime="20210920 20:50:18.438"/>
</kw>
<kw name="Should Contain" library="BuiltIn">
<arg>${res_body}</arg>
<arg>mobile phone</arg>
<doc>Fails if ``container`` does not contain ``item`` one or more times.</doc>
<status status="PASS" starttime="20210920 20:50:18.438" endtime="20210920 20:50:18.439"/>
</kw>
<status status="PASS" starttime="20210920 20:50:18.425" endtime="20210920 20:50:18.439"/>
</test>
<status status="PASS" starttime="20210920 20:50:18.293" endtime="20210920 20:50:18.441"/>
</suite>
<statistics>
<total>
<stat pass="2" fail="0" skip="0">All Tests</stat>
</total>
<tag>
</tag>
<suite>
<stat pass="2" fail="0" skip="0" id="s1" name="CheckPhoneNumber">CheckPhoneNumber</stat>
</suite>
</statistics>
<errors>
</errors>
</robot>
